<?xml version="1.0" encoding="UTF-8"?>
<!-- Generated by org.testng.reporters.JUnitXMLReporter -->
<testsuite hostname="LAPTOP-G0ITPRBD" name="Test" tests="2" failures="1" timestamp="9 Apr 2019 19:07:09 GMT" time="44.516" errors="0">
  <testcase name="successful_Login_Test" time="6.53" classname="smoke.LoginPageTest"/>
  <testcase name="invalid_Login_Test" time="4.658" classname="smoke.LoginPageTest">
    <failure type="java.lang.AssertionError" message="null">
      <![CDATA[java.lang.AssertionError: null
	at smoke.LoginPageTest.invalid_Login_Test(LoginPageTest.java:73)
... Removed 26 stack frames]]>
    </failure>
  </testcase> <!-- invalid_Login_Test -->
</testsuite> <!-- Test -->
