<?xml version="1.0" encoding="UTF-8"?>
<testng-results skipped="0" failed="1" total="2" passed="1">
  <reporter-output>
  </reporter-output>
  <suite name="IBCG2_Smoke_Suite" duration-ms="37565" started-at="2019-05-01T07:56:29Z" finished-at="2019-05-01T07:57:07Z">
    <groups>
      <group name="smoke">
        <method signature="LoginPageTest.invalid_Login_Test()[pri:2, instance:smoke.LoginPageTest@5622fdf]" name="invalid_Login_Test" class="smoke.LoginPageTest"/>
        <method signature="LoginPageTest.successful_Login_Test()[pri:1, instance:smoke.LoginPageTest@5622fdf]" name="successful_Login_Test" class="smoke.LoginPageTest"/>
      </group> <!-- smoke -->
    </groups>
    <test name="Test" duration-ms="37565" started-at="2019-05-01T07:56:29Z" finished-at="2019-05-01T07:57:07Z">
      <class name="smoke.LoginPageTest">
        <test-method status="PASS" signature="initDriver(java.lang.String)[pri:0, instance:smoke.LoginPageTest@5622fdf]" name="initDriver" is-config="true" duration-ms="19574" started-at="2019-05-01T13:26:33Z" finished-at="2019-05-01T13:26:52Z">
          <params>
            <param index="0">
              <value>
                <![CDATA[QAI]]>
              </value>
            </param>
          </params>
          <reporter-output>
          </reporter-output>
        </test-method> <!-- initDriver -->
        <test-method status="PASS" signature="successful_Login_Test()[pri:1, instance:smoke.LoginPageTest@5622fdf]" name="successful_Login_Test" duration-ms="10504" started-at="2019-05-01T13:26:52Z" finished-at="2019-05-01T13:27:03Z">
          <reporter-output>
          </reporter-output>
        </test-method> <!-- successful_Login_Test -->
        <test-method status="FAIL" signature="invalid_Login_Test()[pri:2, instance:smoke.LoginPageTest@5622fdf]" name="invalid_Login_Test" duration-ms="3524" started-at="2019-05-01T13:27:03Z" finished-at="2019-05-01T13:27:07Z">
          <exception class="java.lang.AssertionError">
            <message>
              <![CDATA[null]]>
            </message>
            <full-stacktrace>
              <![CDATA[java.lang.AssertionError: null
	at org.testng.Assert.fail(Assert.java:94)
	at org.testng.Assert.fail(Assert.java:101)
	at smoke.LoginPageTest.invalid_Login_Test(LoginPageTest.java:62)
	at sun.reflect.NativeMethodAccessorImpl.invoke0(Native Method)
	at sun.reflect.NativeMethodAccessorImpl.invoke(Unknown Source)
	at sun.reflect.DelegatingMethodAccessorImpl.invoke(Unknown Source)
	at java.lang.reflect.Method.invoke(Unknown Source)
	at org.testng.internal.MethodInvocationHelper.invokeMethod(MethodInvocationHelper.java:86)
	at org.testng.internal.Invoker.invokeMethod(Invoker.java:643)
	at org.testng.internal.Invoker.invokeTestMethod(Invoker.java:820)
	at org.testng.internal.Invoker.invokeTestMethods(Invoker.java:1128)
	at org.testng.internal.TestMethodWorker.invokeTestMethods(TestMethodWorker.java:129)
	at org.testng.internal.TestMethodWorker.run(TestMethodWorker.java:112)
	at org.testng.TestRunner.privateRun(TestRunner.java:782)
	at org.testng.TestRunner.run(TestRunner.java:632)
	at org.testng.SuiteRunner.runTest(SuiteRunner.java:366)
	at org.testng.SuiteRunner.runSequentially(SuiteRunner.java:361)
	at org.testng.SuiteRunner.privateRun(SuiteRunner.java:319)
	at org.testng.SuiteRunner.run(SuiteRunner.java:268)
	at org.testng.SuiteRunnerWorker.runSuite(SuiteRunnerWorker.java:52)
	at org.testng.SuiteRunnerWorker.run(SuiteRunnerWorker.java:86)
	at org.testng.TestNG.runSuitesSequentially(TestNG.java:1244)
	at org.testng.TestNG.runSuitesLocally(TestNG.java:1169)
	at org.testng.TestNG.run(TestNG.java:1064)
	at org.testng.remote.AbstractRemoteTestNG.run(AbstractRemoteTestNG.java:114)
	at org.testng.remote.RemoteTestNG.initAndRun(RemoteTestNG.java:251)
	at org.testng.remote.RemoteTestNG.main(RemoteTestNG.java:77)
]]>
            </full-stacktrace>
          </exception> <!-- java.lang.AssertionError -->
          <reporter-output>
          </reporter-output>
        </test-method> <!-- invalid_Login_Test -->
      </class> <!-- smoke.LoginPageTest -->
      <class name="utilities.DriverInit">
        <test-method status="PASS" signature="getBrowser(java.lang.String)[pri:0, instance:utilities.DriverInit@6093dd95]" name="getBrowser" is-config="true" duration-ms="3326" started-at="2019-05-01T13:26:30Z" finished-at="2019-05-01T13:26:33Z">
          <params>
            <param index="0">
              <value>
                <![CDATA[chrome]]>
              </value>
            </param>
          </params>
          <reporter-output>
          </reporter-output>
        </test-method> <!-- getBrowser -->
      </class> <!-- utilities.DriverInit -->
    </test> <!-- Test -->
  </suite> <!-- IBCG2_Smoke_Suite -->
</testng-results>
