<?xml version="1.0" encoding="UTF-8"?>
<!-- Generated by org.testng.reporters.JUnitXMLReporter -->
<testsuite hostname="LAPTOP-G0ITPRBD" name="Test" tests="2" failures="1" timestamp="1 May 2019 07:57:07 GMT" time="37.565" errors="0">
  <testcase name="successful_Login_Test" time="10.504" classname="smoke.LoginPageTest"/>
  <testcase name="invalid_Login_Test" time="3.524" classname="smoke.LoginPageTest">
    <failure type="java.lang.AssertionError" message="null">
      <![CDATA[java.lang.AssertionError: null
	at smoke.LoginPageTest.invalid_Login_Test(LoginPageTest.java:62)
... Removed 26 stack frames]]>
    </failure>
  </testcase> <!-- invalid_Login_Test -->
</testsuite> <!-- Test -->
